# JRE version: OpenJDK Runtime Environment (8.0_76-b03) (build 1.8.0_76-release-b03)
# Java VM: OpenJDK 64-Bit Server VM (25.76-b03 mixed mode windows-amd64 compressed oops)
Heap:
 PSYoungGen      total 139776K, used 7989K [0x00000000e0000000, 0x00000000eb400000, 0x0000000100000000)
  eden space 117248K, 2% used [0x00000000e0000000,0x00000000e02ed5e8,0x00000000e7280000)
  from space 22528K, 22% used [0x00000000e8a80000,0x00000000e8f60050,0x00000000ea080000)
  to   space 24576K, 0% used [0x00000000e7280000,0x00000000e7280000,0x00000000e8a80000)
 ParOldGen       total 99840K, used 33178K [0x00000000a0000000, 0x00000000a6180000, 0x00000000e0000000)
  object space 99840K, 33% used [0x00000000a0000000,0x00000000a2066960,0x00000000a6180000)
 Metaspace       used 64979K, capacity 66720K, committed 66992K, reserved 1107968K
  class space    used 8187K, capacity 8530K, committed 8624K, reserved 1048576K
GC Heap History (10 events):
Event: 1157.669 GC heap before
{Heap before GC invocations=25 (full 4):
 PSYoungGen      total 138240K, used 127536K [0x00000000e0000000, 0x00000000e9f80000, 0x0000000100000000)
  eden space 122368K, 100% used [0x00000000e0000000,0x00000000e7780000,0x00000000e7780000)
  from space 15872K, 32% used [0x00000000e9000000,0x00000000e950c010,0x00000000e9f80000)
  to   space 20480K, 0% used [0x00000000e7780000,0x00000000e7780000,0x00000000e8b80000)
 ParOldGen       total 99840K, used 38872K [0x00000000a0000000, 0x00000000a6180000, 0x00000000e0000000)
  object space 99840K, 38% used [0x00000000a0000000,0x00000000a25f60d8,0x00000000a6180000)
 Metaspace       used 64453K, capacity 66042K, committed 66224K, reserved 1107968K
  class space    used 8165K, capacity 8499K, committed 8624K, reserved 1048576K
Event: 1157.727 GC heap after
Heap after GC invocations=25 (full 4):
 PSYoungGen      total 137728K, used 19115K [0x00000000e0000000, 0x00000000ea080000, 0x0000000100000000)
  eden space 118272K, 0% used [0x00000000e0000000,0x00000000e0000000,0x00000000e7380000)
  from space 19456K, 98% used [0x00000000e7780000,0x00000000e8a2af78,0x00000000e8a80000)
  to   space 22528K, 0% used [0x00000000e8a80000,0x00000000e8a80000,0x00000000ea080000)
 ParOldGen       total 99840K, used 46379K [0x00000000a0000000, 0x00000000a6180000, 0x00000000e0000000)
  object space 99840K, 46% used [0x00000000a0000000,0x00000000a2d4aee8,0x00000000a6180000)
 Metaspace       used 64453K, capacity 66042K, committed 66224K, reserved 1107968K
  class space    used 8165K, capacity 8499K, committed 8624K, reserved 1048576K
}
Event: 1159.059 GC heap before
{Heap before GC invocations=26 (full 4):
 PSYoungGen      total 137728K, used 133843K [0x00000000e0000000, 0x00000000ea080000, 0x0000000100000000)
  eden space 118272K, 97% used [0x00000000e0000000,0x00000000e7009fb8,0x00000000e7380000)
  from space 19456K, 98% used [0x00000000e7780000,0x00000000e8a2af78,0x00000000e8a80000)
  to   space 22528K, 0% used [0x00000000e8a80000,0x00000000e8a80000,0x00000000ea080000)
 ParOldGen       total 99840K, used 46379K [0x00000000a0000000, 0x00000000a6180000, 0x00000000e0000000)
  object space 99840K, 46% used [0x00000000a0000000,0x00000000a2d4aee8,0x00000000a6180000)
 Metaspace       used 64547K, capacity 66130K, committed 66480K, reserved 1107968K
  class space    used 8168K, capacity 8503K, committed 8624K, reserved 1048576K
Event: 1159.083 GC heap after
Heap after GC invocations=26 (full 4):
 PSYoungGen      total 140800K, used 19042K [0x00000000e0000000, 0x00000000ea080000, 0x0000000100000000)
  eden space 118272K, 0% used [0x00000000e0000000,0x00000000e0000000,0x00000000e7380000)
  from space 22528K, 84% used [0x00000000e8a80000,0x00000000e9d18b20,0x00000000ea080000)
  to   space 19456K, 0% used [0x00000000e7780000,0x00000000e7780000,0x00000000e8a80000)
 ParOldGen       total 99840K, used 50137K [0x00000000a0000000, 0x00000000a6180000, 0x00000000e0000000)
  object space 99840K, 50% used [0x00000000a0000000,0x00000000a30f65f0,0x00000000a6180000)
 Metaspace       used 64547K, capacity 66130K, committed 66480K, reserved 1107968K
  class space    used 8168K, capacity 8503K, committed 8624K, reserved 1048576K
}
Event: 1159.802 GC heap before
{Heap before GC invocations=27 (full 4):
 PSYoungGen      total 140800K, used 49551K [0x00000000e0000000, 0x00000000ea080000, 0x0000000100000000)
  eden space 118272K, 25% used [0x00000000e0000000,0x00000000e1dcb120,0x00000000e7380000)
  from space 22528K, 84% used [0x00000000e8a80000,0x00000000e9d18b20,0x00000000ea080000)
  to   space 19456K, 0% used [0x00000000e7780000,0x00000000e7780000,0x00000000e8a80000)
 ParOldGen       total 99840K, used 50137K [0x00000000a0000000, 0x00000000a6180000, 0x00000000e0000000)
  object space 99840K, 50% used [0x00000000a0000000,0x00000000a30f65f0,0x00000000a6180000)
 Metaspace       used 64571K, capacity 66200K, committed 66480K, reserved 1107968K
  class space    used 8169K, capacity 8504K, committed 8624K, reserved 1048576K
Event: 1159.807 GC heap after
Heap after GC invocations=27 (full 4):
 PSYoungGen      total 137728K, used 674K [0x00000000e0000000, 0x00000000ea080000, 0x0000000100000000)
  eden space 118272K, 0% used [0x00000000e0000000,0x00000000e0000000,0x00000000e7380000)
  from space 19456K, 3% used [0x00000000e7780000,0x00000000e78289b0,0x00000000e8a80000)
  to   space 22528K, 0% used [0x00000000e8a80000,0x00000000e8a80000,0x00000000ea080000)
 ParOldGen       total 99840K, used 50137K [0x00000000a0000000, 0x00000000a6180000, 0x00000000e0000000)
  object space 99840K, 50% used [0x00000000a0000000,0x00000000a30f65f0,0x00000000a6180000)
 Metaspace       used 64571K, capacity 66200K, committed 66480K, reserved 1107968K
  class space    used 8169K, capacity 8504K, committed 8624K, reserved 1048576K
}
Event: 1159.807 GC heap before
{Heap before GC invocations=28 (full 5):
 PSYoungGen      total 137728K, used 674K [0x00000000e0000000, 0x00000000ea080000, 0x0000000100000000)
  eden space 118272K, 0% used [0x00000000e0000000,0x00000000e0000000,0x00000000e7380000)
  from space 19456K, 3% used [0x00000000e7780000,0x00000000e78289b0,0x00000000e8a80000)
  to   space 22528K, 0% used [0x00000000e8a80000,0x00000000e8a80000,0x00000000ea080000)
 ParOldGen       total 99840K, used 50137K [0x00000000a0000000, 0x00000000a6180000, 0x00000000e0000000)
  object space 99840K, 50% used [0x00000000a0000000,0x00000000a30f65f0,0x00000000a6180000)
 Metaspace       used 64571K, capacity 66200K, committed 66480K, reserved 1107968K
  class space    used 8169K, capacity 8504K, committed 8624K, reserved 1048576K
Event: 1160.296 GC heap after
Heap after GC invocations=28 (full 5):
 PSYoungGen      total 137728K, used 0K [0x00000000e0000000, 0x00000000ea080000, 0x0000000100000000)
  eden space 118272K, 0% used [0x00000000e0000000,0x00000000e0000000,0x00000000e7380000)
  from space 19456K, 0% used [0x00000000e7780000,0x00000000e7780000,0x00000000e8a80000)
  to   space 22528K, 0% used [0x00000000e8a80000,0x00000000e8a80000,0x00000000ea080000)
 ParOldGen       total 99840K, used 33170K [0x00000000a0000000, 0x00000000a6180000, 0x00000000e0000000)
  object space 99840K, 33% used [0x00000000a0000000,0x00000000a2064960,0x00000000a6180000)
 Metaspace       used 64571K, capacity 66200K, committed 66480K, reserved 1107968K
  class space    used 8169K, capacity 8504K, committed 8624K, reserved 1048576K
}
Event: 1326.897 GC heap before
{Heap before GC invocations=29 (full 5):
 PSYoungGen      total 137728K, used 118272K [0x00000000e0000000, 0x00000000ea080000, 0x0000000100000000)
  eden space 118272K, 100% used [0x00000000e0000000,0x00000000e7380000,0x00000000e7380000)
  from space 19456K, 0% used [0x00000000e7780000,0x00000000e7780000,0x00000000e8a80000)
  to   space 22528K, 0% used [0x00000000e8a80000,0x00000000e8a80000,0x00000000ea080000)
 ParOldGen       total 99840K, used 33170K [0x00000000a0000000, 0x00000000a6180000, 0x00000000e0000000)
  object space 99840K, 33% used [0x00000000a0000000,0x00000000a2064960,0x00000000a6180000)
 Metaspace       used 64976K, capacity 66720K, committed 66992K, reserved 1107968K
  class space    used 8187K, capacity 8530K, committed 8624K, reserved 1048576K
Event: 1326.910 GC heap after
Heap after GC invocations=29 (full 5):
 PSYoungGen      total 139776K, used 4992K [0x00000000e0000000, 0x00000000eb400000, 0x0000000100000000)
  eden space 117248K, 0% used [0x00000000e0000000,0x00000000e0000000,0x00000000e7280000)
  from space 22528K, 22% used [0x00000000e8a80000,0x00000000e8f60050,0x00000000ea080000)
  to   space 24576K, 0% used [0x00000000e7280000,0x00000000e7280000,0x00000000e8a80000)
 ParOldGen       total 99840K, used 33178K [0x00000000a0000000, 0x00000000a6180000, 0x00000000e0000000)
  object space 99840K, 33% used [0x00000000a0000000,0x00000000a2066960,0x00000000a6180000)
 Metaspace       used 64976K, capacity 66720K, committed 66992K, reserved 1107968K
  class space    used 8187K, capacity 8530K, committed 8624K, reserved 1048576K
}

