# JRE version: OpenJDK Runtime Environment (8.0_76-b03) (build 1.8.0_76-release-b03)
# Java VM: OpenJDK 64-Bit Server VM (25.76-b03 mixed mode windows-amd64 compressed oops)
Heap:
 PSYoungGen      total 147456K, used 74852K [0x00000000e0000000, 0x00000000ec900000, 0x0000000100000000)
  eden space 133632K, 45% used [0x00000000e0000000,0x00000000e3ba10d0,0x00000000e8280000)
  from space 13824K, 99% used [0x00000000e8280000,0x00000000e8ff8008,0x00000000e9000000)
  to   space 19968K, 0% used [0x00000000eb580000,0x00000000eb580000,0x00000000ec900000)
 ParOldGen       total 59392K, used 27917K [0x00000000a0000000, 0x00000000a3a00000, 0x00000000e0000000)
  object space 59392K, 47% used [0x00000000a0000000,0x00000000a1b43518,0x00000000a3a00000)
 Metaspace       used 54805K, capacity 56156K, committed 56496K, reserved 1097728K
  class space    used 7168K, capacity 7502K, committed 7600K, reserved 1048576K
GC Heap History (10 events):
Event: 9.864 GC heap before
{Heap before GC invocations=11 (full 1):
 PSYoungGen      total 97280K, used 29478K [0x00000000e0000000, 0x00000000e7d00000, 0x0000000100000000)
  eden space 88064K, 23% used [0x00000000e0000000,0x00000000e13d05f8,0x00000000e5600000)
  from space 9216K, 99% used [0x00000000e5600000,0x00000000e5ef92e0,0x00000000e5f00000)
  to   space 10752K, 0% used [0x00000000e7280000,0x00000000e7280000,0x00000000e7d00000)
 ParOldGen       total 39936K, used 9452K [0x00000000a0000000, 0x00000000a2700000, 0x00000000e0000000)
  object space 39936K, 23% used [0x00000000a0000000,0x00000000a093b0a8,0x00000000a2700000)
 Metaspace       used 34563K, capacity 35114K, committed 35496K, reserved 1079296K
  class space    used 4634K, capacity 4814K, committed 4912K, reserved 1048576K
Event: 9.886 GC heap after
Heap after GC invocations=11 (full 1):
 PSYoungGen      total 116736K, used 8837K [0x00000000e0000000, 0x00000000e8500000, 0x0000000100000000)
  eden space 105984K, 0% used [0x00000000e0000000,0x00000000e0000000,0x00000000e6780000)
  from space 10752K, 82% used [0x00000000e7280000,0x00000000e7b216d0,0x00000000e7d00000)
  to   space 11264K, 0% used [0x00000000e6780000,0x00000000e6780000,0x00000000e7280000)
 ParOldGen       total 39936K, used 9460K [0x00000000a0000000, 0x00000000a2700000, 0x00000000e0000000)
  object space 39936K, 23% used [0x00000000a0000000,0x00000000a093d0a8,0x00000000a2700000)
 Metaspace       used 34563K, capacity 35114K, committed 35496K, reserved 1079296K
  class space    used 4634K, capacity 4814K, committed 4912K, reserved 1048576K
}
Event: 9.886 GC heap before
{Heap before GC invocations=12 (full 2):
 PSYoungGen      total 116736K, used 8837K [0x00000000e0000000, 0x00000000e8500000, 0x0000000100000000)
  eden space 105984K, 0% used [0x00000000e0000000,0x00000000e0000000,0x00000000e6780000)
  from space 10752K, 82% used [0x00000000e7280000,0x00000000e7b216d0,0x00000000e7d00000)
  to   space 11264K, 0% used [0x00000000e6780000,0x00000000e6780000,0x00000000e7280000)
 ParOldGen       total 39936K, used 9460K [0x00000000a0000000, 0x00000000a2700000, 0x00000000e0000000)
  object space 39936K, 23% used [0x00000000a0000000,0x00000000a093d0a8,0x00000000a2700000)
 Metaspace       used 34563K, capacity 35114K, committed 35496K, reserved 1079296K
  class space    used 4634K, capacity 4814K, committed 4912K, reserved 1048576K
Event: 9.986 GC heap after
Heap after GC invocations=12 (full 2):
 PSYoungGen      total 116736K, used 0K [0x00000000e0000000, 0x00000000e8500000, 0x0000000100000000)
  eden space 105984K, 0% used [0x00000000e0000000,0x00000000e0000000,0x00000000e6780000)
  from space 10752K, 0% used [0x00000000e7280000,0x00000000e7280000,0x00000000e7d00000)
  to   space 11264K, 0% used [0x00000000e6780000,0x00000000e6780000,0x00000000e7280000)
 ParOldGen       total 59392K, used 15679K [0x00000000a0000000, 0x00000000a3a00000, 0x00000000e0000000)
  object space 59392K, 26% used [0x00000000a0000000,0x00000000a0f4fe38,0x00000000a3a00000)
 Metaspace       used 34563K, capacity 35114K, committed 35496K, reserved 1079296K
  class space    used 4634K, capacity 4814K, committed 4912K, reserved 1048576K
}
Event: 13.010 GC heap before
{Heap before GC invocations=13 (full 2):
 PSYoungGen      total 116736K, used 105984K [0x00000000e0000000, 0x00000000e8500000, 0x0000000100000000)
  eden space 105984K, 100% used [0x00000000e0000000,0x00000000e6780000,0x00000000e6780000)
  from space 10752K, 0% used [0x00000000e7280000,0x00000000e7280000,0x00000000e7d00000)
  to   space 11264K, 0% used [0x00000000e6780000,0x00000000e6780000,0x00000000e7280000)
 ParOldGen       total 59392K, used 15679K [0x00000000a0000000, 0x00000000a3a00000, 0x00000000e0000000)
  object space 59392K, 26% used [0x00000000a0000000,0x00000000a0f4fe38,0x00000000a3a00000)
 Metaspace       used 41366K, capacity 42140K, committed 42672K, reserved 1085440K
  class space    used 5506K, capacity 5696K, committed 5808K, reserved 1048576K
Event: 13.022 GC heap after
Heap after GC invocations=13 (full 2):
 PSYoungGen      total 117248K, used 8788K [0x00000000e0000000, 0x00000000e9b80000, 0x0000000100000000)
  eden space 105984K, 0% used [0x00000000e0000000,0x00000000e0000000,0x00000000e6780000)
  from space 11264K, 78% used [0x00000000e6780000,0x00000000e70151c0,0x00000000e7280000)
  to   space 11776K, 0% used [0x00000000e9000000,0x00000000e9000000,0x00000000e9b80000)
 ParOldGen       total 59392K, used 15687K [0x00000000a0000000, 0x00000000a3a00000, 0x00000000e0000000)
  object space 59392K, 26% used [0x00000000a0000000,0x00000000a0f51e38,0x00000000a3a00000)
 Metaspace       used 41366K, capacity 42140K, committed 42672K, reserved 1085440K
  class space    used 5506K, capacity 5696K, committed 5808K, reserved 1048576K
}
Event: 15.582 GC heap before
{Heap before GC invocations=14 (full 2):
 PSYoungGen      total 117248K, used 114772K [0x00000000e0000000, 0x00000000e9b80000, 0x0000000100000000)
  eden space 105984K, 100% used [0x00000000e0000000,0x00000000e6780000,0x00000000e6780000)
  from space 11264K, 78% used [0x00000000e6780000,0x00000000e70151c0,0x00000000e7280000)
  to   space 11776K, 0% used [0x00000000e9000000,0x00000000e9000000,0x00000000e9b80000)
 ParOldGen       total 59392K, used 15687K [0x00000000a0000000, 0x00000000a3a00000, 0x00000000e0000000)
  object space 59392K, 26% used [0x00000000a0000000,0x00000000a0f51e38,0x00000000a3a00000)
 Metaspace       used 44566K, capacity 45592K, committed 45872K, reserved 1089536K
  class space    used 5930K, capacity 6164K, committed 6192K, reserved 1048576K
Event: 15.613 GC heap after
Heap after GC invocations=14 (full 2):
 PSYoungGen      total 145408K, used 11775K [0x00000000e0000000, 0x00000000e9e80000, 0x0000000100000000)
  eden space 133632K, 0% used [0x00000000e0000000,0x00000000e0000000,0x00000000e8280000)
  from space 11776K, 99% used [0x00000000e9000000,0x00000000e9b7fdf8,0x00000000e9b80000)
  to   space 13824K, 0% used [0x00000000e8280000,0x00000000e8280000,0x00000000e9000000)
 ParOldGen       total 59392K, used 16762K [0x00000000a0000000, 0x00000000a3a00000, 0x00000000e0000000)
  object space 59392K, 28% used [0x00000000a0000000,0x00000000a105ebb0,0x00000000a3a00000)
 Metaspace       used 44566K, capacity 45592K, committed 45872K, reserved 1089536K
  class space    used 5930K, capacity 6164K, committed 6192K, reserved 1048576K
}
Event: 22.376 GC heap before
{Heap before GC invocations=15 (full 2):
 PSYoungGen      total 145408K, used 145407K [0x00000000e0000000, 0x00000000e9e80000, 0x0000000100000000)
  eden space 133632K, 100% used [0x00000000e0000000,0x00000000e8280000,0x00000000e8280000)
  from space 11776K, 99% used [0x00000000e9000000,0x00000000e9b7fdf8,0x00000000e9b80000)
  to   space 13824K, 0% used [0x00000000e8280000,0x00000000e8280000,0x00000000e9000000)
 ParOldGen       total 59392K, used 16762K [0x00000000a0000000, 0x00000000a3a00000, 0x00000000e0000000)
  object space 59392K, 28% used [0x00000000a0000000,0x00000000a105ebb0,0x00000000a3a00000)
 Metaspace       used 53169K, capacity 54460K, committed 54704K, reserved 1097728K
  class space    used 7056K, capacity 7342K, committed 7344K, reserved 1048576K
Event: 22.412 GC heap after
Heap after GC invocations=15 (full 2):
 PSYoungGen      total 147456K, used 13792K [0x00000000e0000000, 0x00000000ec900000, 0x0000000100000000)
  eden space 133632K, 0% used [0x00000000e0000000,0x00000000e0000000,0x00000000e8280000)
  from space 13824K, 99% used [0x00000000e8280000,0x00000000e8ff8008,0x00000000e9000000)
  to   space 19968K, 0% used [0x00000000eb580000,0x00000000eb580000,0x00000000ec900000)
 ParOldGen       total 59392K, used 27917K [0x00000000a0000000, 0x00000000a3a00000, 0x00000000e0000000)
  object space 59392K, 47% used [0x00000000a0000000,0x00000000a1b43518,0x00000000a3a00000)
 Metaspace       used 53169K, capacity 54460K, committed 54704K, reserved 1097728K
  class space    used 7056K, capacity 7342K, committed 7344K, reserved 1048576K
}

